<?xml version="1.0" encoding="UTF-8"?>
<!-- Generated by org.testng.reporters.JUnitReportReporter -->
<testsuite hostname="LAPTOP-GOTTJ4RP" name="JaganAcademy.ActiTestcases.CreateCustomerTest" tests="2" failures="0" timestamp="12 Jun 2023 17:02:24 GMT" time="9.255" errors="0">
  <testcase name="getLogin" time="0.492" classname="JaganAcademy.ActiTestcases.CreateCustomerTest"/>
  <testcase name="addCustomer" time="8.763" classname="JaganAcademy.ActiTestcases.CreateCustomerTest"/>
</testsuite> <!-- JaganAcademy.ActiTestcases.CreateCustomerTest -->
