<?xml version="1.0" encoding="UTF-8"?>
<!-- Generated by org.testng.reporters.JUnitReportReporter -->
<testsuite hostname="LAPTOP-GOTTJ4RP" name="JaganAcademy.ActiTestcases.LoginTestCases" tests="2" failures="0" timestamp="12 Jun 2023 16:01:15 GMT" time="0.802" errors="0">
  <testcase name="getSignin" time="0.770" classname="JaganAcademy.ActiTestcases.LoginTestCases"/>
  <testcase name="titleValidation" time="0.032" classname="JaganAcademy.ActiTestcases.LoginTestCases"/>
</testsuite> <!-- JaganAcademy.ActiTestcases.LoginTestCases -->
